  main.cpp
C:\Users\agodin\Downloads\snake1\snake1\main.cpp(52,64): warning C4244: 'argument' : conversion de 'int' en 'T', perte possible de données
          with
          [
              T=float
          ]
C:\Users\agodin\Downloads\snake1\snake1\main.cpp(52,50): warning C4244: 'argument' : conversion de 'int' en 'T', perte possible de données
          with
          [
              T=float
          ]
C:\Users\agodin\Downloads\snake1\snake1\main.cpp(63,38): warning C4244: 'argument' : conversion de 'int' en 'float', perte possible de données
C:\Users\agodin\Downloads\snake1\snake1\main.cpp(63,31): warning C4244: 'argument' : conversion de 'int' en 'float', perte possible de données
C:\Users\agodin\Downloads\snake1\snake1\main.cpp(64,40): warning C4244: '=' : conversion de 'int' en 'T', perte possible de données
          with
          [
              T=float
          ]
C:\Users\agodin\Downloads\snake1\snake1\main.cpp(65,40): warning C4244: '=' : conversion de 'int' en 'T', perte possible de données
          with
          [
              T=float
          ]
C:\Users\agodin\Downloads\snake1\snake1\main.cpp(75,71): warning C4244: 'argument' : conversion de 'int' en 'float', perte possible de données
C:\Users\agodin\Downloads\snake1\snake1\main.cpp(75,57): warning C4244: 'argument' : conversion de 'int' en 'float', perte possible de données
C:\Users\agodin\Downloads\snake1\snake1\main.cpp(92,21): warning C4244: 'initialisation' : conversion de 'const T' en 'int', perte possible de données
          with
          [
              T=float
          ]
C:\Users\agodin\Downloads\snake1\snake1\main.cpp(93,21): warning C4244: 'initialisation' : conversion de 'const T' en 'int', perte possible de données
          with
          [
              T=float
          ]
  Génération de code en cours
  3 of 113 functions ( 2.7%) were compiled, the rest were copied from previous compilation.
    0 functions were new in current compilation
    7 functions had inline decision re-evaluated but remain unchanged
  Fin de la génération du code
  snake1.vcxproj -> C:\Users\agodin\Downloads\snake1\x64\Release\snake1.exe
